<?xml version="1.0" encoding="UTF-8" ?>
<testsuite failures="0" time="0.053" errors="0" skipped="0" tests="47" name="com.google.protobuf.GeneratedMessageTest">
  <properties>
    <property name="java.runtime.name" value="Java(TM) SE Runtime Environment"/>
    <property name="sun.boot.library.path" value="/usr/lib/jvm/java-6-sun-1.6.0.26/jre/lib/amd64"/>
    <property name="java.vm.version" value="20.1-b02"/>
    <property name="java.vm.vendor" value="Sun Microsystems Inc."/>
    <property name="java.vendor.url" value="http://java.sun.com/"/>
    <property name="path.separator" value=":"/>
    <property name="java.vm.name" value="Java HotSpot(TM) 64-Bit Server VM"/>
    <property name="file.encoding.pkg" value="sun.io"/>
    <property name="user.country" value="KR"/>
    <property name="sun.java.launcher" value="SUN_STANDARD"/>
    <property name="sun.os.patch.level" value="unknown"/>
    <property name="java.vm.specification.name" value="Java Virtual Machine Specification"/>
    <property name="user.dir" value="/home/stephan-ubuntu/Downloads/protobuf-2.3.0/java"/>
    <property name="java.runtime.version" value="1.6.0_26-b03"/>
    <property name="java.awt.graphicsenv" value="sun.awt.X11GraphicsEnvironment"/>
    <property name="basedir" value="/home/stephan-ubuntu/Downloads/protobuf-2.3.0/java"/>
    <property name="java.endorsed.dirs" value="/usr/lib/jvm/java-6-sun-1.6.0.26/jre/lib/endorsed"/>
    <property name="os.arch" value="amd64"/>
    <property name="surefire.real.class.path" value="/tmp/surefirebooter7474884094485973466.jar"/>
    <property name="java.io.tmpdir" value="/tmp"/>
    <property name="line.separator" value="
"/>
    <property name="java.vm.specification.vendor" value="Sun Microsystems Inc."/>
    <property name="os.name" value="Linux"/>
    <property name="sun.jnu.encoding" value="UTF-8"/>
    <property name="java.library.path" value="/usr/lib/jvm/java-6-sun-1.6.0.26/jre/lib/amd64/server:/usr/lib/jvm/java-6-sun-1.6.0.26/jre/lib/amd64:/usr/lib/jvm/java-6-sun-1.6.0.26/jre/../lib/amd64:/usr/java/packages/lib/amd64:/usr/lib64:/lib64:/lib:/usr/lib"/>
    <property name="surefire.test.class.path" value="/home/stephan-ubuntu/Downloads/protobuf-2.3.0/java/target/test-classes:/home/stephan-ubuntu/Downloads/protobuf-2.3.0/java/target/classes:/root/.m2/repository/junit/junit/4.4/junit-4.4.jar:/root/.m2/repository/org/easymock/easymock/2.2/easymock-2.2.jar:/root/.m2/repository/org/easymock/easymockclassextension/2.2.1/easymockclassextension-2.2.1.jar:/root/.m2/repository/cglib/cglib-nodep/2.1_3/cglib-nodep-2.1_3.jar:"/>
    <property name="java.specification.name" value="Java Platform API Specification"/>
    <property name="java.class.version" value="50.0"/>
    <property name="sun.management.compiler" value="HotSpot 64-Bit Tiered Compilers"/>
    <property name="os.version" value="2.6.35-30-generic"/>
    <property name="user.home" value="/root"/>
    <property name="user.timezone" value=""/>
    <property name="java.awt.printerjob" value="sun.print.PSPrinterJob"/>
    <property name="file.encoding" value="UTF-8"/>
    <property name="java.specification.version" value="1.6"/>
    <property name="user.name" value="root"/>
    <property name="java.class.path" value="/home/stephan-ubuntu/Downloads/protobuf-2.3.0/java/target/test-classes:/home/stephan-ubuntu/Downloads/protobuf-2.3.0/java/target/classes:/root/.m2/repository/junit/junit/4.4/junit-4.4.jar:/root/.m2/repository/org/easymock/easymock/2.2/easymock-2.2.jar:/root/.m2/repository/org/easymock/easymockclassextension/2.2.1/easymockclassextension-2.2.1.jar:/root/.m2/repository/cglib/cglib-nodep/2.1_3/cglib-nodep-2.1_3.jar:"/>
    <property name="java.vm.specification.version" value="1.0"/>
    <property name="sun.arch.data.model" value="64"/>
    <property name="java.home" value="/usr/lib/jvm/java-6-sun-1.6.0.26/jre"/>
    <property name="sun.java.command" value="/tmp/surefirebooter7474884094485973466.jar /tmp/surefire4305292910288069710tmp /tmp/surefire772517966241219561tmp"/>
    <property name="java.specification.vendor" value="Sun Microsystems Inc."/>
    <property name="user.language" value="ko"/>
    <property name="java.vm.info" value="mixed mode"/>
    <property name="java.version" value="1.6.0_26"/>
    <property name="java.ext.dirs" value="/usr/lib/jvm/java-6-sun-1.6.0.26/jre/lib/ext:/usr/java/packages/lib/ext"/>
    <property name="sun.boot.class.path" value="/usr/lib/jvm/java-6-sun-1.6.0.26/jre/lib/resources.jar:/usr/lib/jvm/java-6-sun-1.6.0.26/jre/lib/rt.jar:/usr/lib/jvm/java-6-sun-1.6.0.26/jre/lib/sunrsasign.jar:/usr/lib/jvm/java-6-sun-1.6.0.26/jre/lib/jsse.jar:/usr/lib/jvm/java-6-sun-1.6.0.26/jre/lib/jce.jar:/usr/lib/jvm/java-6-sun-1.6.0.26/jre/lib/charsets.jar:/usr/lib/jvm/java-6-sun-1.6.0.26/jre/lib/modules/jdk.boot.jar:/usr/lib/jvm/java-6-sun-1.6.0.26/jre/classes"/>
    <property name="java.vendor" value="Sun Microsystems Inc."/>
    <property name="localRepository" value="/root/.m2/repository"/>
    <property name="file.separator" value="/"/>
    <property name="java.vendor.url.bug" value="http://java.sun.com/cgi-bin/bugreport.cgi"/>
    <property name="sun.cpu.endian" value="little"/>
    <property name="sun.io.unicode.encoding" value="UnicodeLittle"/>
    <property name="sun.cpu.isalist" value=""/>
  </properties>
  <testcase time="0" classname="com.google.protobuf.GeneratedMessageTest" name="testDefaultInstance"/>
  <testcase time="0" classname="com.google.protobuf.GeneratedMessageTest" name="testAccessors"/>
  <testcase time="0" classname="com.google.protobuf.GeneratedMessageTest" name="testDoubleBuildError"/>
  <testcase time="0" classname="com.google.protobuf.GeneratedMessageTest" name="testClearAfterBuildError"/>
  <testcase time="0" classname="com.google.protobuf.GeneratedMessageTest" name="testSettersRejectNull"/>
  <testcase time="0" classname="com.google.protobuf.GeneratedMessageTest" name="testRepeatedSetters"/>
  <testcase time="0.001" classname="com.google.protobuf.GeneratedMessageTest" name="testRepeatedSettersRejectNull"/>
  <testcase time="0" classname="com.google.protobuf.GeneratedMessageTest" name="testRepeatedAppend"/>
  <testcase time="0.001" classname="com.google.protobuf.GeneratedMessageTest" name="testRepeatedAppendRejectsNull"/>
  <testcase time="0.001" classname="com.google.protobuf.GeneratedMessageTest" name="testSettingForeignMessageUsingBuilder"/>
  <testcase time="0" classname="com.google.protobuf.GeneratedMessageTest" name="testSettingRepeatedForeignMessageUsingBuilder"/>
  <testcase time="0" classname="com.google.protobuf.GeneratedMessageTest" name="testDefaults"/>
  <testcase time="0.001" classname="com.google.protobuf.GeneratedMessageTest" name="testReflectionGetters"/>
  <testcase time="0.002" classname="com.google.protobuf.GeneratedMessageTest" name="testReflectionSetters"/>
  <testcase time="0" classname="com.google.protobuf.GeneratedMessageTest" name="testReflectionSettersRejectNull"/>
  <testcase time="0.004" classname="com.google.protobuf.GeneratedMessageTest" name="testReflectionRepeatedSetters"/>
  <testcase time="0.001" classname="com.google.protobuf.GeneratedMessageTest" name="testReflectionRepeatedSettersRejectNull"/>
  <testcase time="0.002" classname="com.google.protobuf.GeneratedMessageTest" name="testReflectionDefaults"/>
  <testcase time="0" classname="com.google.protobuf.GeneratedMessageTest" name="testEnumInterface"/>
  <testcase time="0" classname="com.google.protobuf.GeneratedMessageTest" name="testEnumMap"/>
  <testcase time="0.001" classname="com.google.protobuf.GeneratedMessageTest" name="testParsePackedToUnpacked"/>
  <testcase time="0" classname="com.google.protobuf.GeneratedMessageTest" name="testParseUnpackedToPacked"/>
  <testcase time="0.002" classname="com.google.protobuf.GeneratedMessageTest" name="testExtensionAccessors"/>
  <testcase time="0.002" classname="com.google.protobuf.GeneratedMessageTest" name="testExtensionRepeatedSetters"/>
  <testcase time="0" classname="com.google.protobuf.GeneratedMessageTest" name="testExtensionDefaults"/>
  <testcase time="0.002" classname="com.google.protobuf.GeneratedMessageTest" name="testExtensionReflectionGetters"/>
  <testcase time="0.002" classname="com.google.protobuf.GeneratedMessageTest" name="testExtensionReflectionSetters"/>
  <testcase time="0.001" classname="com.google.protobuf.GeneratedMessageTest" name="testExtensionReflectionSettersRejectNull"/>
  <testcase time="0.001" classname="com.google.protobuf.GeneratedMessageTest" name="testExtensionReflectionRepeatedSetters"/>
  <testcase time="0" classname="com.google.protobuf.GeneratedMessageTest" name="testExtensionReflectionRepeatedSettersRejectNull"/>
  <testcase time="0.002" classname="com.google.protobuf.GeneratedMessageTest" name="testExtensionReflectionDefaults"/>
  <testcase time="0" classname="com.google.protobuf.GeneratedMessageTest" name="testClearExtension"/>
  <testcase time="0.001" classname="com.google.protobuf.GeneratedMessageTest" name="testExtensionCopy"/>
  <testcase time="0" classname="com.google.protobuf.GeneratedMessageTest" name="testExtensionMergeFrom"/>
  <testcase time="0.003" classname="com.google.protobuf.GeneratedMessageTest" name="testLiteExtensionAccessors"/>
  <testcase time="0.001" classname="com.google.protobuf.GeneratedMessageTest" name="testLiteExtensionRepeatedSetters"/>
  <testcase time="0" classname="com.google.protobuf.GeneratedMessageTest" name="testLiteExtensionDefaults"/>
  <testcase time="0.001" classname="com.google.protobuf.GeneratedMessageTest" name="testClearLiteExtension"/>
  <testcase time="0.001" classname="com.google.protobuf.GeneratedMessageTest" name="testLiteExtensionCopy"/>
  <testcase time="0" classname="com.google.protobuf.GeneratedMessageTest" name="testLiteExtensionMergeFrom"/>
  <testcase time="0.001" classname="com.google.protobuf.GeneratedMessageTest" name="testMultipleFilesOption"/>
  <testcase time="0.006" classname="com.google.protobuf.GeneratedMessageTest" name="testOptionalFieldWithRequiredSubfieldsOptimizedForSize"/>
  <testcase time="0.001" classname="com.google.protobuf.GeneratedMessageTest" name="testUninitializedExtensionInOptimizedForSize"/>
  <testcase time="0" classname="com.google.protobuf.GeneratedMessageTest" name="testToBuilder"/>
  <testcase time="0" classname="com.google.protobuf.GeneratedMessageTest" name="testFieldConstantValues"/>
  <testcase time="0" classname="com.google.protobuf.GeneratedMessageTest" name="testExtensionConstantValues"/>
  <testcase time="0" classname="com.google.protobuf.GeneratedMessageTest" name="testRecursiveMessageDefaultInstance"/>
</testsuite>